<?xml version="1.0" encoding="UTF-8"?>
<!-- Generated by org.testng.reporters.JUnitReportReporter -->
<testsuite hostname="HDjoudi201214" failures="1" tests="41" name="test.DTINewTest" time="578.199" errors="0" timestamp="2021-04-28T08:40:04 CDT" skipped="0">
  <testcase classname="test.DTINewTest" name="Zenly" time="2.968"/>
  <system-out/>
  <testcase classname="test.DTINewTest" name="newloan" time="23.015"/>
  <system-out/>
  <testcase classname="test.DTINewTest" name="tope_sectioninfos" time="17.151"/>
  <system-out/>
  <testcase classname="test.DTINewTest" name="Borrower" time="18.054"/>
  <system-out/>
  <testcase classname="test.DTINewTest" name="BoAddressAddButton" time="1.330"/>
  <system-out/>
  <testcase classname="test.DTINewTest" name="borrower_Address" time="14.777"/>
  <system-out/>
  <testcase classname="test.DTINewTest" name="BorrEmployementAddButton" time="0.525"/>
  <system-out/>
  <testcase classname="test.DTINewTest" name="Borr_Employment" time="24.881"/>
  <system-out/>
  <testcase classname="test.DTINewTest" name="BorrIncomeAddButton" time="0.616"/>
  <system-out/>
  <testcase classname="test.DTINewTest" name="Borr_Addincome" time="13.752"/>
  <system-out/>
  <testcase classname="test.DTINewTest" name="Borr_Addincome" time="13.767"/>
  <system-out/>
  <testcase classname="test.DTINewTest" name="Borr_Addincome" time="13.650"/>
  <system-out/>
  <testcase classname="test.DTINewTest" name="Borr_Addincome" time="13.564"/>
  <system-out/>
  <testcase classname="test.DTINewTest" name="Borr_Addincome" time="14.120"/>
  <system-out/>
  <testcase classname="test.DTINewTest" name="Borr_Addincome" time="13.386"/>
  <system-out/>
  <testcase classname="test.DTINewTest" name="Borr_Addincome" time="13.889"/>
  <system-out/>
  <testcase classname="test.DTINewTest" name="Borr_Addincome" time="14.251"/>
  <system-out/>
  <testcase classname="test.DTINewTest" name="Borr_Addincome" time="13.661"/>
  <system-out/>
  <testcase classname="test.DTINewTest" name="Borr_Addincome" time="13.418"/>
  <system-out/>
  <testcase classname="test.DTINewTest" name="LiabilityAddButton" time="0.660"/>
  <system-out/>
  <testcase classname="test.DTINewTest" name="Liabilities" time="39.919"/>
  <system-out/>
  <testcase classname="test.DTINewTest" name="Liabilities" time="40.898"/>
  <system-out/>
  <testcase classname="test.DTINewTest" name="Primary_HousingAddButton" time="0.499"/>
  <system-out/>
  <testcase classname="test.DTINewTest" name="Primary_Housing" time="10.867"/>
  <system-out/>
  <testcase classname="test.DTINewTest" name="Borrower_Declarations" time="75.200"/>
  <system-out/>
  <testcase classname="test.DTINewTest" name="SAVE" time="0.579"/>
  <system-out/>
  <testcase classname="test.DTINewTest" name="LoanPage" time="1.432"/>
  <system-out/>
  <testcase classname="test.DTINewTest" name="LoanTopSection" time="13.874"/>
  <system-out/>
  <testcase classname="test.DTINewTest" name="Loan_Information" time="47.452"/>
  <system-out/>
  <testcase classname="test.DTINewTest" name="Note_Details" time="13.031"/>
  <system-out/>
  <testcase classname="test.DTINewTest" name="PMIMIPVAUSDA" time="18.138"/>
  <system-out/>
  <testcase classname="test.DTINewTest" name="LoanSAVE" time="0.440"/>
  <system-out/>
  <testcase classname="test.DTINewTest" name="top_section_Info_LeftSide" time="25.922"/>
  <system-out/>
  <testcase classname="test.DTINewTest" name="ProposedHousingExpensesAddButton" time="0.878"/>
  <system-out/>
  <testcase classname="test.DTINewTest" name="Proposed_Housing_Expenses" time="11.546"/>
  <system-out/>
  <testcase classname="test.DTINewTest" name="Proposed_Housing_Expenses" time="11.822"/>
  <system-out/>
  <testcase classname="test.DTINewTest" name="Proposed_Housing_Expenses" time="11.994"/>
  <system-out/>
  <testcase classname="test.DTINewTest" name="Proposed_Housing_Expenses" time="11.188"/>
  <system-out/>
  <testcase classname="test.DTINewTest" name="SubjectPropertySAVE" time="0.384"/>
  <system-out/>
  <testcase classname="test.DTINewTest" name="Loanpage" time="0.695"/>
  <system-out/>
  <testcase classname="test.DTINewTest" name="run" time="0.006">
    <failure message="expected [true] but found [false]" type="java.lang.AssertionError">
      <![CDATA[java.lang.AssertionError: expected [true] but found [false]
at org.testng.Assert.fail(Assert.java:99)
at org.testng.Assert.failNotEquals(Assert.java:1037)
at org.testng.Assert.assertEqualsImpl(Assert.java:140)
at org.testng.Assert.assertEquals(Assert.java:122)
at org.testng.Assert.assertEquals(Assert.java:819)
at org.testng.Assert.assertEquals(Assert.java:829)
at test.DTINewTest.run(DTINewTest.java:892)
at java.base/jdk.internal.reflect.NativeMethodAccessorImpl.invoke0(Native Method)
at java.base/jdk.internal.reflect.NativeMethodAccessorImpl.invoke(NativeMethodAccessorImpl.java:64)
at java.base/jdk.internal.reflect.DelegatingMethodAccessorImpl.invoke(DelegatingMethodAccessorImpl.java:43)
at java.base/java.lang.reflect.Method.invoke(Method.java:564)
at org.testng.internal.MethodInvocationHelper.invokeMethod(MethodInvocationHelper.java:132)
at org.testng.internal.TestInvoker.invokeMethod(TestInvoker.java:599)
at org.testng.internal.TestInvoker.invokeTestMethod(TestInvoker.java:174)
at org.testng.internal.MethodRunner.runInSequence(MethodRunner.java:46)
at org.testng.internal.TestInvoker$MethodInvocationAgent.invoke(TestInvoker.java:822)
at org.testng.internal.TestInvoker.invokeTestMethods(TestInvoker.java:147)
at org.testng.internal.TestMethodWorker.invokeTestMethods(TestMethodWorker.java:146)
at org.testng.internal.TestMethodWorker.run(TestMethodWorker.java:128)
at java.base/java.util.concurrent.ThreadPoolExecutor.runWorker(ThreadPoolExecutor.java:1130)
at java.base/java.util.concurrent.ThreadPoolExecutor$Worker.run(ThreadPoolExecutor.java:630)
at java.base/java.lang.Thread.run(Thread.java:832)
]]>
    </failure>
  </testcase> <!-- run -->
  <system-out/>
</testsuite> <!-- test.DTINewTest -->
