<?xml version="1.0" encoding="UTF-8"?>
<!-- Generated by org.testng.reporters.JUnitReportReporter -->
<testsuite hostname="HDjoudi201214" failures="0" tests="133" name="test.LoginTest" time="1946.964" errors="1" timestamp="2021-04-28T08:40:04 CDT" skipped="0">
  <testcase classname="test.LoginTest" name="Zenly" time="2.354"/>
  <system-out/>
  <testcase classname="test.LoginTest" name="newloan" time="22.428"/>
  <system-out/>
  <testcase classname="test.LoginTest" name="tope_sectioninfos" time="18.452"/>
  <system-out/>
  <testcase classname="test.LoginTest" name="Borrower" time="23.042"/>
  <system-out/>
  <testcase classname="test.LoginTest" name="CoBorrower" time="19.338"/>
  <system-out/>
  <testcase classname="test.LoginTest" name="Borr_Addendum" time="19.461"/>
  <system-out/>
  <testcase classname="test.LoginTest" name="BorTeleAddButton" time="1.361"/>
  <system-out/>
  <testcase classname="test.LoginTest" name="Borrower_Telephone" time="5.830"/>
  <system-out/>
  <testcase classname="test.LoginTest" name="Borrower_Telephone" time="5.772"/>
  <system-out/>
  <testcase classname="test.LoginTest" name="Borrower_Telephone" time="5.566"/>
  <system-out/>
  <testcase classname="test.LoginTest" name="Borrower_Telephone" time="6.160"/>
  <system-out/>
  <testcase classname="test.LoginTest" name="Borrower_Telephone" time="7.297"/>
  <system-out/>
  <testcase classname="test.LoginTest" name="CoTeleAddButton" time="0.444"/>
  <system-out/>
  <testcase classname="test.LoginTest" name="CoBorrower_Telephone" time="5.459"/>
  <system-out/>
  <testcase classname="test.LoginTest" name="CoBorrower_Telephone" time="5.231"/>
  <system-out/>
  <testcase classname="test.LoginTest" name="CoBorrower_Telephone" time="5.813"/>
  <system-out/>
  <testcase classname="test.LoginTest" name="BoAddressAddButton" time="0.381"/>
  <system-out/>
  <testcase classname="test.LoginTest" name="borrower_Address" time="12.530"/>
  <system-out/>
  <testcase classname="test.LoginTest" name="borrower_Address" time="10.785"/>
  <system-out/>
  <testcase classname="test.LoginTest" name="CoAddressAddButton" time="0.368"/>
  <system-out/>
  <testcase classname="test.LoginTest" name="Coborrower_Address" time="11.763"/>
  <system-out/>
  <testcase classname="test.LoginTest" name="Coborrower_Address" time="12.146"/>
  <system-out/>
  <testcase classname="test.LoginTest" name="Coborrower_Address" time="14.733"/>
  <system-out/>
  <testcase classname="test.LoginTest" name="BorrEmployementAddButton" time="0.443"/>
  <system-out/>
  <testcase classname="test.LoginTest" name="Borr_Employment" time="25.368"/>
  <system-out/>
  <testcase classname="test.LoginTest" name="Borr_Employment" time="21.258"/>
  <system-out/>
  <testcase classname="test.LoginTest" name="CoBorrEmployementAddButton" time="0.754"/>
  <system-out/>
  <testcase classname="test.LoginTest" name="CoBorr_Employment" time="25.336"/>
  <system-out/>
  <testcase classname="test.LoginTest" name="BorrIncomeAddButton" time="0.409"/>
  <system-out/>
  <testcase classname="test.LoginTest" name="Borr_Addincome" time="13.947"/>
  <system-out/>
  <testcase classname="test.LoginTest" name="Borr_Addincome" time="13.531"/>
  <system-out/>
  <testcase classname="test.LoginTest" name="Borr_Addincome" time="14.189"/>
  <system-out/>
  <testcase classname="test.LoginTest" name="Borr_Addincome" time="14.391"/>
  <system-out/>
  <testcase classname="test.LoginTest" name="Borr_Addincome" time="13.678"/>
  <system-out/>
  <testcase classname="test.LoginTest" name="Borr_Addincome" time="13.344"/>
  <system-out/>
  <testcase classname="test.LoginTest" name="CoBorrIncomeAddButton" time="0.512"/>
  <system-out/>
  <testcase classname="test.LoginTest" name="CoBorr_Addincome" time="11.014"/>
  <system-out/>
  <testcase classname="test.LoginTest" name="CoBorr_Addincome" time="11.030"/>
  <system-out/>
  <testcase classname="test.LoginTest" name="add_assets" time="10.746"/>
  <system-out/>
  <testcase classname="test.LoginTest" name="AccountAddButton" time="0.697"/>
  <system-out/>
  <testcase classname="test.LoginTest" name="Account" time="36.295"/>
  <system-out/>
  <testcase classname="test.LoginTest" name="Account" time="37.360"/>
  <system-out/>
  <testcase classname="test.LoginTest" name="Account" time="37.724"/>
  <system-out/>
  <testcase classname="test.LoginTest" name="Account" time="37.568"/>
  <system-out/>
  <testcase classname="test.LoginTest" name="Account" time="36.872"/>
  <system-out/>
  <testcase classname="test.LoginTest" name="Account" time="37.647"/>
  <system-out/>
  <testcase classname="test.LoginTest" name="Account" time="37.192"/>
  <system-out/>
  <testcase classname="test.LoginTest" name="Account" time="36.631"/>
  <system-out/>
  <testcase classname="test.LoginTest" name="Account" time="36.457"/>
  <system-out/>
  <testcase classname="test.LoginTest" name="GiftAddButton" time="0.496"/>
  <system-out/>
  <testcase classname="test.LoginTest" name="Gifts_or_Grants_Received" time="17.385"/>
  <system-out/>
  <testcase classname="test.LoginTest" name="Gifts_or_Grants_Received" time="17.077"/>
  <system-out/>
  <testcase classname="test.LoginTest" name="Gifts_or_Grants_Received" time="18.613"/>
  <system-out/>
  <testcase classname="test.LoginTest" name="LiabilityAddButton" time="0.479"/>
  <system-out/>
  <testcase classname="test.LoginTest" name="Liabilities" time="39.121"/>
  <system-out/>
  <testcase classname="test.LoginTest" name="Liabilities" time="38.194"/>
  <system-out/>
  <testcase classname="test.LoginTest" name="AddButton" time="0.540"/>
  <system-out/>
  <testcase classname="test.LoginTest" name="AlimonyExpences" time="21.851"/>
  <system-out/>
  <testcase classname="test.LoginTest" name="AlimonyExpences" time="22.088"/>
  <system-out/>
  <testcase classname="test.LoginTest" name="AlimonyExpences" time="24.350"/>
  <system-out/>
  <testcase classname="test.LoginTest" name="AlimonyExpences" time="22.537"/>
  <system-out/>
  <testcase classname="test.LoginTest" name="realstateAddButton" time="0.446"/>
  <system-out/>
  <testcase classname="test.LoginTest" name="realEstate" time="50.879"/>
  <system-out/>
  <testcase classname="test.LoginTest" name="realEstate" time="51.946"/>
  <system-out/>
  <testcase classname="test.LoginTest" name="Primary_HousingAddButton" time="0.450"/>
  <system-out/>
  <testcase classname="test.LoginTest" name="Primary_Housing" time="10.535"/>
  <system-out/>
  <testcase classname="test.LoginTest" name="AddTitle" time="3.073"/>
  <system-out/>
  <testcase classname="test.LoginTest" name="Borrower_Declarations" time="74.903"/>
  <system-out/>
  <testcase classname="test.LoginTest" name="CoBorrower_Declarations" time="83.068"/>
  <system-out/>
  <testcase classname="test.LoginTest" name="Borrower_military_Status" time="7.206"/>
  <system-out/>
  <testcase classname="test.LoginTest" name="CoBorrower_military_Status" time="7.625"/>
  <system-out/>
  <testcase classname="test.LoginTest" name="Borrower_Ethnicity" time="5.316"/>
  <system-out/>
  <testcase classname="test.LoginTest" name="CoBorrower_Ethnicity" time="5.801"/>
  <system-out/>
  <testcase classname="test.LoginTest" name="Borrower_Gender" time="3.991"/>
  <system-out/>
  <testcase classname="test.LoginTest" name="CoBorrower_Gender" time="3.567"/>
  <system-out/>
  <testcase classname="test.LoginTest" name="Borrower_Race" time="12.744"/>
  <system-out/>
  <testcase classname="test.LoginTest" name="cOBorrower_Race" time="11.393"/>
  <system-out/>
  <testcase classname="test.LoginTest" name="BorrowerIdentifyingDocumentationAddButton" time="0.450"/>
  <system-out/>
  <testcase classname="test.LoginTest" name="BorrowerIdentifying_Documentation" time="24.610"/>
  <system-out/>
  <testcase classname="test.LoginTest" name="BorrowerIdentifying_Documentation" time="25.671"/>
  <system-out/>
  <testcase classname="test.LoginTest" name="BorrowerIdentifying_Documentation" time="26.987"/>
  <system-out/>
  <testcase classname="test.LoginTest" name="CoBorrowerIdentifyingDocumentationAddButton" time="0.641"/>
  <system-out/>
  <testcase classname="test.LoginTest" name="CoBorrowerIdentifying_Documentation" time="21.959"/>
  <system-out/>
  <testcase classname="test.LoginTest" name="CoBorrowerIdentifying_Documentation" time="21.510"/>
  <system-out/>
  <testcase classname="test.LoginTest" name="CoBorrowerIdentifying_Documentation" time="21.113"/>
  <system-out/>
  <testcase classname="test.LoginTest" name="AdditionalInformation" time="1.314"/>
  <system-out/>
  <testcase classname="test.LoginTest" name="SAVE" time="0.749"/>
  <system-out/>
  <testcase classname="test.LoginTest" name="Loanpage" time="1.238"/>
  <system-out/>
  <testcase classname="test.LoginTest" name="LoanTopSection" time="2.053"/>
  <system-out/>
  <testcase classname="test.LoginTest" name="Loan_Information" time="47.644"/>
  <system-out/>
  <testcase classname="test.LoginTest" name="Note_Details" time="12.029"/>
  <system-out/>
  <testcase classname="test.LoginTest" name="IfConstructionLoan" time="3.075"/>
  <system-out/>
  <testcase classname="test.LoginTest" name="PMIMIPVAUSDA" time="18.814"/>
  <system-out/>
  <testcase classname="test.LoginTest" name="Payment_Adjustment" time="35.324"/>
  <system-out/>
  <testcase classname="test.LoginTest" name="Rate_Adjustment" time="16.550"/>
  <system-out/>
  <testcase classname="test.LoginTest" name="BuydownAddButton" time="3.570"/>
  <system-out/>
  <testcase classname="test.LoginTest" name="Buydown_Mortgage" time="4.261"/>
  <system-out/>
  <testcase classname="test.LoginTest" name="Buydown_Mortgage" time="4.090"/>
  <system-out/>
  <testcase classname="test.LoginTest" name="Buydown_Mortgage" time="4.716"/>
  <system-out/>
  <testcase classname="test.LoginTest" name="Buydown_Mortgage" time="4.864"/>
  <system-out/>
  <testcase classname="test.LoginTest" name="Buydown_Mortgage" time="4.085"/>
  <system-out/>
  <testcase classname="test.LoginTest" name="Extra_Payment" time="0.817"/>
  <system-out/>
  <testcase classname="test.LoginTest" name="LoanAddButton" time="3.599"/>
  <system-out/>
  <testcase classname="test.LoginTest" name="Loan_Features" time="6.935"/>
  <system-out/>
  <testcase classname="test.LoginTest" name="Loan_Features" time="6.773"/>
  <system-out/>
  <testcase classname="test.LoginTest" name="Loan_Features" time="6.684"/>
  <system-out/>
  <testcase classname="test.LoginTest" name="LoanSAVE" time="10.273"/>
  <system-out/>
  <testcase classname="test.LoginTest" name="top_section_Info_LeftSide" time="25.030"/>
  <system-out/>
  <testcase classname="test.LoginTest" name="top_section_Info_RightSide" time="39.835"/>
  <system-out/>
  <testcase classname="test.LoginTest" name="Energy_Improvements" time="14.760"/>
  <system-out/>
  <testcase classname="test.LoginTest" name="Title" time="50.800"/>
  <system-out/>
  <testcase classname="test.LoginTest" name="NameONTitleAddButton" time="4.707"/>
  <system-out/>
  <testcase classname="test.LoginTest" name="Names_on_Title" time="4.211"/>
  <system-out/>
  <testcase classname="test.LoginTest" name="Names_on_Title" time="6.081"/>
  <system-out/>
  <testcase classname="test.LoginTest" name="Names_on_Title" time="4.321"/>
  <system-out/>
  <testcase classname="test.LoginTest" name="Names_on_Title" time="4.256"/>
  <system-out/>
  <testcase classname="test.LoginTest" name="If_Refinance_Loan" time="3.080"/>
  <system-out/>
  <testcase classname="test.LoginTest" name="CurrentNameONTitleAddButton" time="3.084"/>
  <system-out/>
  <testcase classname="test.LoginTest" name="Names_Currently_held_on_Title" time="0.021"/>
  <system-out/>
  <testcase classname="test.LoginTest" name="Names_Currently_held_on_Title" time="0.023"/>
  <system-out/>
  <testcase classname="test.LoginTest" name="Names_Currently_held_on_Title" time="0.023"/>
  <system-out/>
  <testcase classname="test.LoginTest" name="Names_Currently_held_on_Title" time="0.021"/>
  <system-out/>
  <testcase classname="test.LoginTest" name="ProposedHousingExpensesAddButton" time="0.471"/>
  <system-out/>
  <testcase classname="test.LoginTest" name="Proposed_Housing_Expenses" time="11.533"/>
  <system-out/>
  <testcase classname="test.LoginTest" name="Proposed_Housing_Expenses" time="11.505"/>
  <system-out/>
  <testcase classname="test.LoginTest" name="Proposed_Housing_Expenses" time="10.897"/>
  <system-out/>
  <testcase classname="test.LoginTest" name="Subordinate_FinancingAddButton" time="0.467"/>
  <system-out/>
  <testcase classname="test.LoginTest" name="Subordinate_Financing" time="23.417"/>
  <system-out/>
  <testcase classname="test.LoginTest" name="Subordinate_Financing" time="23.763"/>
  <system-out/>
  <testcase classname="test.LoginTest" name="Subordinate_Financing" time="25.425"/>
  <system-out/>
  <testcase classname="test.LoginTest" name="Subordinate_Financing" time="23.650"/>
  <system-out/>
  <testcase classname="test.LoginTest" name="SubjectPropertySAVE" time="0.295"/>
  <system-out/>
  <testcase classname="test.LoginTest" name="Ratios" time="16.109">
    <error message="no such element: Unable to locate element: {&quot;method&quot;:&quot;xpath&quot;,&quot;selector&quot;:&quot;//label[text() = &#039;Base LTV&#039;]//following::input[1]&quot;}
  (Session info: chrome=90.0.4430.85)
  (Driver info: chromedriver=90.0.4430.24 (4c6d850f087da467d926e8eddb76550aed655991-refs/branch-heads/4430@{#429}),platform=Windows NT 10.0.19042 x86_64) (WARNING: The server did not provide any stacktrace information)
Command duration or timeout: 10.07 seconds
For documentation on this error, please visit: http://seleniumhq.org/exceptions/no_such_element.html
Build info: version: &#039;2.53.1&#039;, revision: &#039;a36b8b1cd5757287168e54b817830adce9b0158d&#039;, time: &#039;2016-06-30 19:26:09&#039;
System info: host: &#039;HDjoudi201214&#039;, ip: &#039;10.4.14.217&#039;, os.name: &#039;Windows 10&#039;, os.arch: &#039;amd64&#039;, os.version: &#039;10.0&#039;, java.version: &#039;15.0.1&#039;
Driver info: org.openqa.selenium.chrome.ChromeDriver
Capabilities [{mobileEmulationEnabled=false, timeouts={implicit=0, pageLoad=300000, script=30000}, hasTouchScreen=false, platform=XP, acceptSslCerts=false, goog:chromeOptions={debuggerAddress=localhost:55731}, acceptInsecureCerts=false, webStorageEnabled=true, browserName=chrome, takesScreenshot=true, javascriptEnabled=true, setWindowRect=true, webauthn:extension:largeBlob=true, unexpectedAlertBehaviour=ignore, applicationCacheEnabled=false, rotatable=false, networkConnectionEnabled=false, chrome={chromedriverVersion=90.0.4430.24 (4c6d850f087da467d926e8eddb76550aed655991-refs/branch-heads/4430@{#429}), userDataDir=C:\Users\HASSAN~1\AppData\Local\Temp\scoped_dir24132_945692507}, takesHeapSnapshot=true, pageLoadStrategy=normal, strictFileInteractability=false, databaseEnabled=false, handlesAlerts=true, version=90.0.4430.85, browserConnectionEnabled=false, proxy={}, nativeEvents=true, locationContextEnabled=true, cssSelectorsEnabled=true, webauthn:virtualAuthenticators=true}]
Session ID: 1a70f81bae2cfbd6d7c886b66fad2d6c
*** Element info: {Using=xpath, value=//label[text() = &#039;Base LTV&#039;]//following::input[1]}" type="org.openqa.selenium.NoSuchElementException">
      <![CDATA[org.openqa.selenium.NoSuchElementException: no such element: Unable to locate element: {"method":"xpath","selector":"//label[text() = 'Base LTV']//following::input[1]"}
  (Session info: chrome=90.0.4430.85)
  (Driver info: chromedriver=90.0.4430.24 (4c6d850f087da467d926e8eddb76550aed655991-refs/branch-heads/4430@{#429}),platform=Windows NT 10.0.19042 x86_64) (WARNING: The server did not provide any stacktrace information)
Command duration or timeout: 10.07 seconds
For documentation on this error, please visit: http://seleniumhq.org/exceptions/no_such_element.html
Build info: version: '2.53.1', revision: 'a36b8b1cd5757287168e54b817830adce9b0158d', time: '2016-06-30 19:26:09'
System info: host: 'HDjoudi201214', ip: '10.4.14.217', os.name: 'Windows 10', os.arch: 'amd64', os.version: '10.0', java.version: '15.0.1'
Driver info: org.openqa.selenium.chrome.ChromeDriver
Capabilities [{mobileEmulationEnabled=false, timeouts={implicit=0, pageLoad=300000, script=30000}, hasTouchScreen=false, platform=XP, acceptSslCerts=false, goog:chromeOptions={debuggerAddress=localhost:55731}, acceptInsecureCerts=false, webStorageEnabled=true, browserName=chrome, takesScreenshot=true, javascriptEnabled=true, setWindowRect=true, webauthn:extension:largeBlob=true, unexpectedAlertBehaviour=ignore, applicationCacheEnabled=false, rotatable=false, networkConnectionEnabled=false, chrome={chromedriverVersion=90.0.4430.24 (4c6d850f087da467d926e8eddb76550aed655991-refs/branch-heads/4430@{#429}), userDataDir=C:\Users\HASSAN~1\AppData\Local\Temp\scoped_dir24132_945692507}, takesHeapSnapshot=true, pageLoadStrategy=normal, strictFileInteractability=false, databaseEnabled=false, handlesAlerts=true, version=90.0.4430.85, browserConnectionEnabled=false, proxy={}, nativeEvents=true, locationContextEnabled=true, cssSelectorsEnabled=true, webauthn:virtualAuthenticators=true}]
Session ID: 1a70f81bae2cfbd6d7c886b66fad2d6c
*** Element info: {Using=xpath, value=//label[text() = 'Base LTV']//following::input[1]}
at java.base/jdk.internal.reflect.NativeConstructorAccessorImpl.newInstance0(Native Method)
at java.base/jdk.internal.reflect.NativeConstructorAccessorImpl.newInstance(NativeConstructorAccessorImpl.java:64)
at java.base/jdk.internal.reflect.DelegatingConstructorAccessorImpl.newInstance(DelegatingConstructorAccessorImpl.java:45)
at java.base/java.lang.reflect.Constructor.newInstanceWithCaller(Constructor.java:500)
at java.base/java.lang.reflect.Constructor.newInstance(Constructor.java:481)
at org.openqa.selenium.remote.ErrorHandler.createThrowable(ErrorHandler.java:206)
at org.openqa.selenium.remote.ErrorHandler.throwIfResponseFailed(ErrorHandler.java:158)
at org.openqa.selenium.remote.RemoteWebDriver.execute(RemoteWebDriver.java:678)
at org.openqa.selenium.remote.RemoteWebDriver.findElement(RemoteWebDriver.java:363)
at org.openqa.selenium.remote.RemoteWebDriver.findElementByXPath(RemoteWebDriver.java:500)
at org.openqa.selenium.By$ByXPath.findElement(By.java:361)
at org.openqa.selenium.remote.RemoteWebDriver.findElement(RemoteWebDriver.java:355)
at org.openqa.selenium.support.pagefactory.DefaultElementLocator.findElement(DefaultElementLocator.java:69)
at org.openqa.selenium.support.pagefactory.internal.LocatingElementHandler.invoke(LocatingElementHandler.java:38)
at com.sun.proxy.$Proxy13.sendKeys(Unknown Source)
at LoanInfos.Ratios_Results.RatiosResults(Ratios_Results.java:34)
at test.LoginTest.Ratios(LoginTest.java:882)
at java.base/jdk.internal.reflect.NativeMethodAccessorImpl.invoke0(Native Method)
at java.base/jdk.internal.reflect.NativeMethodAccessorImpl.invoke(NativeMethodAccessorImpl.java:64)
at java.base/jdk.internal.reflect.DelegatingMethodAccessorImpl.invoke(DelegatingMethodAccessorImpl.java:43)
at java.base/java.lang.reflect.Method.invoke(Method.java:564)
at org.testng.internal.MethodInvocationHelper.invokeMethod(MethodInvocationHelper.java:132)
at org.testng.internal.TestInvoker.invokeMethod(TestInvoker.java:599)
at org.testng.internal.TestInvoker.invokeTestMethod(TestInvoker.java:174)
at org.testng.internal.MethodRunner.runInSequence(MethodRunner.java:46)
at org.testng.internal.TestInvoker$MethodInvocationAgent.invoke(TestInvoker.java:822)
at org.testng.internal.TestInvoker.invokeTestMethods(TestInvoker.java:147)
at org.testng.internal.TestMethodWorker.invokeTestMethods(TestMethodWorker.java:146)
at org.testng.internal.TestMethodWorker.run(TestMethodWorker.java:128)
at java.base/java.util.concurrent.ThreadPoolExecutor.runWorker(ThreadPoolExecutor.java:1130)
at java.base/java.util.concurrent.ThreadPoolExecutor$Worker.run(ThreadPoolExecutor.java:630)
at java.base/java.lang.Thread.run(Thread.java:832)
]]>
    </error>
  </testcase> <!-- Ratios -->
  <system-out/>
</testsuite> <!-- test.LoginTest -->
